date: 2014-01-15 16:57:58.558
argv: node /usr/local/bin/hexo generate
os: Darwin 13.0.1 darwin x64
version:
  hexo: 2.4.2
  http_parser: 1.0
  node: 0.10.21
  v8: 3.14.5.9
  ares: 1.9.0-DEV
  uv: 0.10.18
  zlib: 1.2.3
  modules: 11
  openssl: 1.0.1e
---

[debug] 16:57:58.209 Configuration file load successfully
[debug] 16:57:58.211 Version info checked successfully
[debug] 16:57:58.255 Plugin loaded successfully: hexo-generator-cname
[debug] 16:57:58.274 Theme layout loaded
[debug] 16:57:58.291 Theme configuration loaded
[debug] 16:57:58.333 Theme source loaded
[debug] 16:57:58.335 Theme language files loaded
[error] 16:57:58.538 { rawMessage: 'Unable to parse.',
  parsedLine: 4,
  snippet: '+',
  parsedFile: null,
  message: 'Unable to parse.',
  domain: 
   { domain: null,
     _events: { error: [Function] },
     _maxListeners: 10,
     members: [],
     _disposed: true },
  domainThrown: true }
[debug] 16:57:58.559 Processed: _posts/First-Post.md
[debug] 16:57:58.559 Processed: _posts/android-tips-and-tricks.md